[32;1m[2020-01-19 17:43:38.728|INFO ] Log rotate cron:	0 0 0 * * * [0m
[32;1m[2020-01-19 17:43:38.728|INFO ] Nodes: [0m
[32;1m[2020-01-19 17:48:21.906|INFO ] Log rotate cron:	0 0 0 * * * [0m
[32;1m[2020-01-19 17:48:21.907|INFO ] Nodes: [0m
[32;1m[2020-01-19 17:50:14.400|INFO ] Log rotate cron:	0 0 0 * * * [0m
[32;1m[2020-01-19 17:50:14.400|INFO ] Nodes: [0m
[32;1m[2020-01-19 17:50:14.400|INFO ] └───────┴──────────────┘ [0m
[32;1m[2020-01-19 17:50:14.402|INFO ] └────────┴──────┴────────┴───┘ [0m
[32;1m[2020-01-19 17:52:31.235|INFO ] Log rotate cron:	0 0 0 * * * [0m
[32;1m[2020-01-19 17:52:31.236|INFO ] Nodes: [0m
[32;1m[2020-01-19 17:52:31.236|INFO ] ┌───────┬──────────────┐ [0m
[32;1m[2020-01-19 17:52:31.236|INFO ] │Name   │Addr          │ [0m
[32;1m[2020-01-19 17:52:31.236|INFO ] └───────┴──────────────┘ [0m
[32;1m[2020-01-19 17:52:31.237|INFO ] ┌────────┬──────┬────────┬───┐ [0m
[32;1m[2020-01-19 17:52:31.237|INFO ] │NodeName│cities│content │tkc│ [0m
[32;1m[2020-01-19 17:52:31.237|INFO ] └────────┴──────┴────────┴───┘ [0m
[32;1m[2020-01-19 17:55:23.395|INFO ] Log rotate cron:	0 0 0 * * * [0m
[32;1m[2020-01-19 17:55:23.395|INFO ] Nodes: [0m
[32;1m[2020-01-19 17:55:23.395|INFO ] ┌───────┬──────────────┐ [0m
[32;1m[2020-01-19 17:55:23.395|INFO ] │Name   │Addr          │ [0m
[32;1m[2020-01-19 17:55:23.395|INFO ] ├───────┼──────────────┤
 [0m
[32;1m[2020-01-19 17:55:23.395|INFO ] └───────┴──────────────┘ [0m
[32;1m[2020-01-19 17:55:23.396|INFO ] ┌────────┬──────┬────────┬───┐ [0m
[32;1m[2020-01-19 17:55:23.396|INFO ] │NodeName│cities│content │tkc│ [0m
[32;1m[2020-01-19 17:55:23.397|INFO ] ├────────┼──────┼────────┼───┤
 [0m
[32;1m[2020-01-19 17:55:23.397|INFO ] └────────┴──────┴────────┴───┘ [0m
[32;1m[2020-01-19 17:56:00.505|INFO ] Log rotate cron:	0 0 0 * * * [0m
[32;1m[2020-01-19 17:56:00.505|INFO ] Nodes: [0m
[32;1m[2020-01-19 17:56:00.505|INFO ] ┌───────┬──────────────┐ [0m
[32;1m[2020-01-19 17:56:00.505|INFO ] │Name   │Addr          │ [0m
[32;1m[2020-01-19 17:56:00.505|INFO ] ├───────┼──────────────┤
 [0m
[32;1m[2020-01-19 17:56:00.505|INFO ] └───────┴──────────────┘ [0m
[32;1m[2020-01-19 17:56:00.506|INFO ] ┌────────┬──────┬────────┬───┐ [0m
[32;1m[2020-01-19 17:56:00.506|INFO ] │NodeName│cities│content │tkc│ [0m
[32;1m[2020-01-19 17:56:00.506|INFO ] ├────────┼──────┼────────┼───┤
 [0m
[32;1m[2020-01-19 17:56:00.506|INFO ] └────────┴──────┴────────┴───┘ [0m
[32;1m[2020-01-19 17:57:23.577|INFO ] Log rotate cron:	0 0 0 * * * [0m
[32;1m[2020-01-19 17:57:23.577|INFO ] Nodes: [0m
[32;1m[2020-01-19 17:57:23.577|INFO ] ┌───────┬──────────────┐ [0m
[32;1m[2020-01-19 17:57:23.577|INFO ] │Name   │Addr          │ [0m
[32;1m[2020-01-19 17:57:23.577|INFO ] ├───────┼──────────────┤
 [0m
[32;1m[2020-01-19 17:57:23.577|INFO ] └───────┴──────────────┘ [0m
[32;1m[2020-01-19 17:57:23.578|INFO ] ┌────────┬──────┬────────┬───┐ [0m
[32;1m[2020-01-19 17:57:23.578|INFO ] │NodeName│cities│content │tkc│ [0m
[32;1m[2020-01-19 17:57:23.578|INFO ] ├────────┼──────┼────────┼───┤
 [0m
[32;1m[2020-01-19 17:57:23.578|INFO ] └────────┴──────┴────────┴───┘ [0m
[32;1m[2020-01-19 17:58:01.728|INFO ] Log rotate cron:	0 0 0 * * * [0m
[32;1m[2020-01-19 17:58:01.728|INFO ] Nodes: [0m
[32;1m[2020-01-19 17:58:01.728|INFO ] ┌───────┬──────────────┐ [0m
[32;1m[2020-01-19 17:58:01.728|INFO ] │Name   │Addr          │ [0m
[32;1m[2020-01-19 17:58:01.728|INFO ] ├───────┼──────────────┤
 [0m
[32;1m[2020-01-19 17:58:01.728|INFO ] └───────┴──────────────┘ [0m
[32;1m[2020-01-19 17:58:01.729|INFO ] ┌────────┬──────┬────────┬───┐ [0m
[32;1m[2020-01-19 17:58:01.729|INFO ] │NodeName│cities│content │tkc│ [0m
[32;1m[2020-01-19 17:58:01.729|INFO ] ├────────┼──────┼────────┼───┤
 [0m
[32;1m[2020-01-19 17:58:01.729|INFO ] └────────┴──────┴────────┴───┘ [0m
[32;1m[2020-01-19 17:58:53.425|INFO ] Log rotate cron:	0 0 0 * * * [0m
[32;1m[2020-01-19 17:58:53.426|INFO ] Nodes: [0m
[32;1m[2020-01-19 17:58:53.426|INFO ] ┌───────┬──────────────┐ [0m
[32;1m[2020-01-19 17:58:53.426|INFO ] │Name   │Addr          │ [0m
[32;1m[2020-01-19 17:58:53.426|INFO ] ├───────┼──────────────┤
 [0m
[32;1m[2020-01-19 17:58:53.426|INFO ] └───────┴──────────────┘ [0m
[32;1m[2020-01-19 17:58:53.427|INFO ] ┌────────┬──────┬────────┬───┐ [0m
[32;1m[2020-01-19 17:58:53.427|INFO ] │NodeName│cities│content │tkc│ [0m
[32;1m[2020-01-19 17:58:53.428|INFO ] ├────────┼──────┼────────┼───┤
 [0m
[32;1m[2020-01-19 17:58:53.428|INFO ] └────────┴──────┴────────┴───┘ [0m
[32;1m[2020-01-19 17:59:16.840|INFO ] Log rotate cron:	0 0 0 * * * [0m
[32;1m[2020-01-19 17:59:16.841|INFO ] Nodes: [0m
[32;1m[2020-01-19 17:59:16.841|INFO ] ┌───────┬──────────────┐ [0m
[32;1m[2020-01-19 17:59:16.841|INFO ] │Name   │Addr          │ [0m
[32;1m[2020-01-19 17:59:16.841|INFO ] ├───────┼──────────────┤
 [0m
[32;1m[2020-01-19 17:59:16.841|INFO ] └───────┴──────────────┘ [0m
[32;1m[2020-01-19 17:59:16.842|INFO ] ┌────────┬──────┬────────┬───┐ [0m
[32;1m[2020-01-19 17:59:16.842|INFO ] │NodeName│cities│content │tkc│ [0m
[32;1m[2020-01-19 17:59:16.842|INFO ] ├────────┼──────┼────────┼───┤
 [0m
[32;1m[2020-01-19 17:59:16.842|INFO ] └────────┴──────┴────────┴───┘ [0m
[32;1m[2020-01-19 17:59:59.261|INFO ] Log rotate cron:	0 0 0 * * * [0m
[32;1m[2020-01-19 17:59:59.261|INFO ] Nodes: [0m
[32;1m[2020-01-19 17:59:59.261|INFO ] ┌───────┬──────────────┐ [0m
[32;1m[2020-01-19 17:59:59.261|INFO ] │Name   │Addr          │ [0m
[32;1m[2020-01-19 17:59:59.261|INFO ] ├───────┼──────────────┤
 [0m
[32;1m[2020-01-19 17:59:59.261|INFO ] └───────┴──────────────┘ [0m
[32;1m[2020-01-19 17:59:59.262|INFO ] ┌────────┬──────┬────────┬───┐ [0m
[32;1m[2020-01-19 17:59:59.262|INFO ] │NodeName│cities│content │tkc│ [0m
[32;1m[2020-01-19 17:59:59.262|INFO ] ├────────┼──────┼────────┼───┤
 [0m
[32;1m[2020-01-19 17:59:59.262|INFO ] └────────┴──────┴────────┴───┘ [0m
[32;1m[2020-01-19 18:00:09.217|INFO ] Log rotate cron:	0 0 0 * * * [0m
[32;1m[2020-01-19 18:00:09.217|INFO ] Nodes: [0m
[32;1m[2020-01-19 18:00:09.218|INFO ] ┌───────┬──────────────┐ [0m
[32;1m[2020-01-19 18:00:09.218|INFO ] │Name   │Addr          │ [0m
[32;1m[2020-01-19 18:00:09.218|INFO ] ├───────┼──────────────┤
 [0m
[32;1m[2020-01-19 18:00:09.218|INFO ] └───────┴──────────────┘ [0m
[32;1m[2020-01-19 18:00:09.219|INFO ] ┌────────┬──────┬────────┬───┐ [0m
[32;1m[2020-01-19 18:00:09.219|INFO ] │NodeName│cities│content │tkc│ [0m
[32;1m[2020-01-19 18:00:09.219|INFO ] ├────────┼──────┼────────┼───┤
 [0m
[32;1m[2020-01-19 18:00:09.219|INFO ] └────────┴──────┴────────┴───┘ [0m
[32;1m[2020-01-19 18:00:36.916|INFO ] Log rotate cron:	0 0 0 * * * [0m
[32;1m[2020-01-19 18:00:36.917|INFO ] Nodes: [0m
[32;1m[2020-01-19 18:00:36.917|INFO ] ┌───────┬──────────────┐ [0m
[32;1m[2020-01-19 18:00:36.917|INFO ] │Name   │Addr          │ [0m
[32;1m[2020-01-19 18:00:36.917|INFO ] ├───────┼──────────────┤
 [0m
[32;1m[2020-01-19 18:00:36.917|INFO ] └───────┴──────────────┘ [0m
[32;1m[2020-01-19 18:00:36.918|INFO ] ┌────────┬──────┬────────┬───┐ [0m
[32;1m[2020-01-19 18:00:36.918|INFO ] │NodeName│cities│content │tkc│ [0m
[32;1m[2020-01-19 18:00:36.918|INFO ] ├────────┼──────┼────────┼───┤
 [0m
[32;1m[2020-01-19 18:00:36.918|INFO ] └────────┴──────┴────────┴───┘ [0m
[32;1m[2020-01-19 18:01:02.000|INFO ] Log rotate cron:	0 0 0 * * * [0m
[32;1m[2020-01-19 18:01:02.000|INFO ] Nodes: [0m
[32;1m[2020-01-19 18:01:02.000|INFO ] ┌───────┬──────────────┐ [0m
[32;1m[2020-01-19 18:01:02.000|INFO ] │Name   │Addr          │ [0m
[32;1m[2020-01-19 18:01:02.000|INFO ] ├───────┼──────────────┤
 [0m
[32;1m[2020-01-19 18:01:02.000|INFO ] │server1│127.0.0.1:8080│└───────┴──────────────┘ [0m
[32;1m[2020-01-19 18:01:02.001|INFO ] ┌────────┬──────┬────────┬───┐ [0m
[32;1m[2020-01-19 18:01:02.001|INFO ] │NodeName│cities│content │tkc│ [0m
[32;1m[2020-01-19 18:01:02.001|INFO ] ├────────┼──────┼────────┼───┤
 [0m
[32;1m[2020-01-19 18:01:02.001|INFO ] │server1 │cities│content3│60 │└────────┴──────┴────────┴───┘ [0m
[32;1m[2020-01-19 18:01:37.451|INFO ] Log rotate cron:	0 0 0 * * * [0m
[32;1m[2020-01-19 18:01:37.452|INFO ] Nodes: [0m
[32;1m[2020-01-19 18:01:37.452|INFO ] ┌───────┬──────────────┐ [0m
[32;1m[2020-01-19 18:01:37.452|INFO ] │Name   │Addr          │ [0m
[32;1m[2020-01-19 18:01:37.452|INFO ] ├───────┼──────────────┤
 [0m
[32;1m[2020-01-19 18:01:37.452|INFO ] └───────┴──────────────┘ [0m
[32;1m[2020-01-19 18:01:37.453|INFO ] ┌────────┬──────┬────────┬───┐ [0m
[32;1m[2020-01-19 18:01:37.453|INFO ] │NodeName│cities│content │tkc│ [0m
[32;1m[2020-01-19 18:01:37.453|INFO ] ├────────┼──────┼────────┼───┤
 [0m
[32;1m[2020-01-19 18:01:37.453|INFO ] └────────┴──────┴────────┴───┘ [0m
[32;1m[2020-01-19 18:01:52.490|INFO ] Log rotate cron:	0 0 0 * * * [0m
[32;1m[2020-01-19 18:01:52.490|INFO ] Nodes: [0m
[32;1m[2020-01-19 18:01:52.490|INFO ] ┌───────┬──────────────┐ [0m
[32;1m[2020-01-19 18:01:52.490|INFO ] │Name   │Addr          │ [0m
[32;1m[2020-01-19 18:01:52.490|INFO ] ├───────┼──────────────┤
 [0m
[32;1m[2020-01-19 18:01:52.490|INFO ] └───────┴──────────────┘ [0m
[32;1m[2020-01-19 18:01:52.491|INFO ] ┌────────┬──────┬────────┬───┐ [0m
[32;1m[2020-01-19 18:01:52.491|INFO ] │NodeName│cities│content │tkc│ [0m
[32;1m[2020-01-19 18:01:52.491|INFO ] ├────────┼──────┼────────┼───┤
 [0m
[32;1m[2020-01-19 18:01:52.491|INFO ] └────────┴──────┴────────┴───┘ [0m
[32;1m[2020-01-19 18:02:33.808|INFO ] Log rotate cron:	0 0 0 * * * [0m
[32;1m[2020-01-19 18:02:33.808|INFO ] Nodes: [0m
[32;1m[2020-01-19 18:02:33.808|INFO ] ┌───────┬──────────────┐ [0m
[32;1m[2020-01-19 18:02:33.808|INFO ] │Name   │Addr          │ [0m
[32;1m[2020-01-19 18:02:33.808|INFO ] ├───────┼──────────────┤
 [0m
[32;1m[2020-01-19 18:02:33.808|INFO ] └───────┴──────────────┘ [0m
[32;1m[2020-01-19 18:02:33.809|INFO ] ┌────────┬──────┬────────┬───┐ [0m
[32;1m[2020-01-19 18:02:33.810|INFO ] │NodeName│cities│content │tkc│ [0m
[32;1m[2020-01-19 18:02:33.810|INFO ] ├────────┼──────┼────────┼───┤
 [0m
[32;1m[2020-01-19 18:02:33.810|INFO ] └────────┴──────┴────────┴───┘ [0m
[32;1m[2020-01-19 18:02:58.957|INFO ] Log rotate cron:	0 0 0 * * * [0m
[32;1m[2020-01-19 18:02:58.958|INFO ] Nodes: [0m
[32;1m[2020-01-19 18:02:58.958|INFO ] ┌───────┬──────────────┐ [0m
[32;1m[2020-01-19 18:02:58.958|INFO ] │Name   │Addr          │ [0m
[32;1m[2020-01-19 18:02:58.958|INFO ] ├───────┼──────────────┤
 [0m
[32;1m[2020-01-19 18:02:58.958|INFO ] └───────┴──────────────┘ [0m
[32;1m[2020-01-19 18:02:58.959|INFO ] ┌────────┬──────┬────────┬───┐ [0m
[32;1m[2020-01-19 18:02:58.959|INFO ] │NodeName│cities│content │tkc│ [0m
[32;1m[2020-01-19 18:02:58.959|INFO ] ├────────┼──────┼────────┼───┤
 [0m
[32;1m[2020-01-19 18:02:58.959|INFO ] └────────┴──────┴────────┴───┘ [0m
[32;1m[2020-01-19 18:03:23.084|INFO ] Log rotate cron:	0 0 0 * * * [0m
[32;1m[2020-01-19 18:03:23.084|INFO ] Nodes: [0m
[32;1m[2020-01-19 18:03:23.084|INFO ] ┌───────┬──────────────┐ [0m
[32;1m[2020-01-19 18:03:23.084|INFO ] │Name   │Addr          │ [0m
[32;1m[2020-01-19 18:03:23.084|INFO ] ├───────┼──────────────┤
 [0m
[32;1m[2020-01-19 18:03:23.084|INFO ] └───────┴──────────────┘ [0m
[32;1m[2020-01-19 18:03:23.085|INFO ] ┌────────┬──────┬────────┬───┐ [0m
[32;1m[2020-01-19 18:03:23.085|INFO ] │NodeName│cities│content │tkc│ [0m
[32;1m[2020-01-19 18:03:23.085|INFO ] ├────────┼──────┼────────┼───┤
 [0m
[32;1m[2020-01-19 18:03:23.085|INFO ] └────────┴──────┴────────┴───┘ [0m
[32;1m[2020-01-19 18:03:56.918|INFO ] Log rotate cron:	0 0 0 * * * [0m
[32;1m[2020-01-19 18:03:56.919|INFO ] Nodes: [0m
[32;1m[2020-01-19 18:03:56.919|INFO ] ┌───────┬──────────────┐ [0m
[32;1m[2020-01-19 18:03:56.919|INFO ] │Name   │Addr          │ [0m
[32;1m[2020-01-19 18:03:56.919|INFO ] ├───────┼──────────────┤
 [0m
[32;1m[2020-01-19 18:03:56.919|INFO ] │server1│127.0.0.1:8080│├───────┼──────────────┤ [0m
[32;1m[2020-01-19 18:03:56.919|INFO ] └───────┴──────────────┘ [0m
[32;1m[2020-01-19 18:03:56.921|INFO ] ┌────────┬──────┬────────┬───┐ [0m
[32;1m[2020-01-19 18:03:56.921|INFO ] │NodeName│cities│content │tkc│ [0m
[32;1m[2020-01-19 18:03:56.921|INFO ] ├────────┼──────┼────────┼───┤
 [0m
[32;1m[2020-01-19 18:03:56.921|INFO ] │server1 │cities│content3│60 │├────────┼──────┼────────┼───┤ [0m
[32;1m[2020-01-19 18:03:56.921|INFO ] └────────┴──────┴────────┴───┘ [0m
[32;1m[2020-01-19 18:04:19.582|INFO ] Log rotate cron:	0 0 0 * * * [0m
[32;1m[2020-01-19 18:04:19.583|INFO ] Nodes: [0m
[32;1m[2020-01-19 18:04:19.583|INFO ] ┌───────┬──────────────┐ [0m
[32;1m[2020-01-19 18:04:19.583|INFO ] │Name   │Addr          │ [0m
[32;1m[2020-01-19 18:04:19.583|INFO ] ├───────┼──────────────┤
 [0m
[32;1m[2020-01-19 18:04:19.583|INFO ] │server1│127.0.0.1:8080│├───────┼──────────────┤ [0m
[32;1m[2020-01-19 18:04:19.583|INFO ] └───────┴──────────────┘ [0m
[32;1m[2020-01-19 18:04:19.584|INFO ] ┌────────┬──────┬────────┬───┐ [0m
[32;1m[2020-01-19 18:04:19.584|INFO ] │NodeName│cities│content │tkc│ [0m
[32;1m[2020-01-19 18:04:19.584|INFO ] ├────────┼──────┼────────┼───┤
 [0m
[32;1m[2020-01-19 18:04:19.584|INFO ] │server1 │cities│content3│60 │├────────┼──────┼────────┼───┤ [0m
[32;1m[2020-01-19 18:04:19.584|INFO ] └────────┴──────┴────────┴───┘ [0m
[32;1m[2020-01-19 18:04:45.209|INFO ] Log rotate cron:	0 0 0 * * * [0m
[32;1m[2020-01-19 18:04:45.210|INFO ] Nodes: [0m
[32;1m[2020-01-19 18:04:45.210|INFO ] ┌───────┬──────────────┐ [0m
[32;1m[2020-01-19 18:04:45.210|INFO ] │Name   │Addr          │ [0m
[32;1m[2020-01-19 18:04:45.210|INFO ] ├───────┼──────────────┤
 [0m
[32;1m[2020-01-19 18:04:45.210|INFO ] │server1│127.0.0.1:8080│├───────┼──────────────┤ [0m
[32;1m[2020-01-19 18:04:45.210|INFO ] └───────┴──────────────┘ [0m
[32;1m[2020-01-19 18:04:45.211|INFO ] ┌────────┬──────┬────────┬───┐ [0m
[32;1m[2020-01-19 18:04:45.211|INFO ] │NodeName│cities│content │tkc│ [0m
[32;1m[2020-01-19 18:04:45.211|INFO ] ├────────┼──────┼────────┼───┤
 [0m
[32;1m[2020-01-19 18:04:45.211|INFO ] │server1 │cities│content3│60 │├────────┼──────┼────────┼───┤ [0m
[32;1m[2020-01-19 18:04:45.211|INFO ] └────────┴──────┴────────┴───┘ [0m
[32;1m[2020-01-19 18:04:57.545|INFO ] Log rotate cron:	0 0 0 * * * [0m
[32;1m[2020-01-19 18:04:57.545|INFO ] Nodes: [0m
[32;1m[2020-01-19 18:04:57.545|INFO ] ┌───────┬──────────────┐ [0m
[32;1m[2020-01-19 18:04:57.545|INFO ] │Name   │Addr          │ [0m
[32;1m[2020-01-19 18:04:57.545|INFO ] ├───────┼──────────────┤
 [0m
[32;1m[2020-01-19 18:04:57.545|INFO ] │server1│127.0.0.1:8080│├───────┼──────────────┤
 [0m
[32;1m[2020-01-19 18:04:57.545|INFO ] └───────┴──────────────┘ [0m
[32;1m[2020-01-19 18:04:57.546|INFO ] ┌────────┬──────┬────────┬───┐ [0m
[32;1m[2020-01-19 18:04:57.546|INFO ] │NodeName│cities│content │tkc│ [0m
[32;1m[2020-01-19 18:04:57.546|INFO ] ├────────┼──────┼────────┼───┤
 [0m
[32;1m[2020-01-19 18:04:57.546|INFO ] │server1 │cities│content3│60 │├────────┼──────┼────────┼───┤
 [0m
[32;1m[2020-01-19 18:04:57.546|INFO ] └────────┴──────┴────────┴───┘ [0m
[32;1m[2020-01-19 18:05:38.936|INFO ] Log rotate cron:	0 0 0 * * * [0m
[32;1m[2020-01-19 18:05:38.937|INFO ] Nodes: [0m
[32;1m[2020-01-19 18:05:38.937|INFO ] ┌───────┬──────────────┐ [0m
[32;1m[2020-01-19 18:05:38.937|INFO ] │Name   │Addr          │ [0m
[32;1m[2020-01-19 18:05:38.937|INFO ] ├───────┼──────────────┤
 [0m
[32;1m[2020-01-19 18:05:38.937|INFO ] │server1│127.0.0.1:8080│
├───────┼──────────────┤ [0m
[32;1m[2020-01-19 18:05:38.937|INFO ] └───────┴──────────────┘ [0m
[32;1m[2020-01-19 18:05:38.938|INFO ] ┌────────┬──────┬────────┬───┐ [0m
[32;1m[2020-01-19 18:05:38.938|INFO ] │NodeName│cities│content │tkc│ [0m
[32;1m[2020-01-19 18:05:38.938|INFO ] ├────────┼──────┼────────┼───┤
 [0m
[32;1m[2020-01-19 18:05:38.938|INFO ] │server1 │cities│content3│60 │
├────────┼──────┼────────┼───┤ [0m
[32;1m[2020-01-19 18:05:38.938|INFO ] └────────┴──────┴────────┴───┘ [0m
[32;1m[2020-01-19 18:05:59.403|INFO ] Log rotate cron:	0 0 0 * * * [0m
[32;1m[2020-01-19 18:05:59.403|INFO ] Nodes: [0m
[32;1m[2020-01-19 18:05:59.403|INFO ] ┌───────┬──────────────┐ [0m
[32;1m[2020-01-19 18:05:59.403|INFO ] │Name   │Addr          │ [0m
[32;1m[2020-01-19 18:05:59.403|INFO ] ├───────┼──────────────┤
 [0m
[32;1m[2020-01-19 18:05:59.404|INFO ] │server1│127.0.0.1:8080│ [0m
[32;1m[2020-01-19 18:05:59.404|INFO ] ├───────┼──────────────┤ [0m
[32;1m[2020-01-19 18:05:59.404|INFO ] └───────┴──────────────┘ [0m
[32;1m[2020-01-19 18:05:59.405|INFO ] ┌────────┬──────┬────────┬───┐ [0m
[32;1m[2020-01-19 18:05:59.405|INFO ] │NodeName│cities│content │tkc│ [0m
[32;1m[2020-01-19 18:05:59.405|INFO ] ├────────┼──────┼────────┼───┤
 [0m
[32;1m[2020-01-19 18:05:59.405|INFO ] │server1 │cities│content3│60 │ [0m
[32;1m[2020-01-19 18:05:59.405|INFO ] ├────────┼──────┼────────┼───┤ [0m
[32;1m[2020-01-19 18:05:59.405|INFO ] └────────┴──────┴────────┴───┘ [0m
[32;1m[2020-01-19 18:06:51.833|INFO ] Log rotate cron:	0 0 0 * * * [0m
[32;1m[2020-01-19 18:06:51.833|INFO ] Nodes: [0m
[32;1m[2020-01-19 18:06:51.833|INFO ] ┌───────┬──────────────┐ [0m
[32;1m[2020-01-19 18:06:51.833|INFO ] │Name   │Addr          │ [0m
[32;1m[2020-01-19 18:06:51.833|INFO ] ├───────┼──────────────┤ [0m
[32;1m[2020-01-19 18:06:51.833|INFO ] │server1│127.0.0.1:8080│ [0m
[32;1m[2020-01-19 18:06:51.833|INFO ] ├───────┼──────────────┤ [0m
[32;1m[2020-01-19 18:06:51.833|INFO ] └───────┴──────────────┘ [0m
[32;1m[2020-01-19 18:06:51.834|INFO ] ┌────────┬──────┬────────┬───┐ [0m
[32;1m[2020-01-19 18:06:51.834|INFO ] │NodeName│cities│content │tkc│ [0m
[32;1m[2020-01-19 18:06:51.834|INFO ] ├────────┼──────┼────────┼───┤ [0m
[32;1m[2020-01-19 18:06:51.834|INFO ] │server1 │cities│content3│60 │ [0m
[32;1m[2020-01-19 18:06:51.834|INFO ] ├────────┼──────┼────────┼───┤ [0m
[32;1m[2020-01-19 18:06:51.834|INFO ] └────────┴──────┴────────┴───┘ [0m
[32;1m[2020-01-19 18:07:32.639|INFO ] Log rotate cron:	0 0 0 * * * [0m
[32;1m[2020-01-19 18:07:32.639|INFO ] Nodes: [0m
[32;1m[2020-01-19 18:07:32.639|INFO ] ┌───────┬──────────────┐ [0m
[32;1m[2020-01-19 18:07:32.639|INFO ] │Name   │Addr          │ [0m
[32;1m[2020-01-19 18:07:32.639|INFO ] ├───────┼──────────────┤ [0m
[32;1m[2020-01-19 18:07:32.639|INFO ] │server1│127.0.0.1:8080│ [0m
[32;1m[2020-01-19 18:07:32.639|INFO ] ├───────┼──────────────┤ [0m
[32;1m[2020-01-19 18:07:32.639|INFO ] └───────┴──────────────┘ [0m
[32;1m[2020-01-19 18:07:32.640|INFO ] ┌────────┬──────┬────────┬───┐ [0m
[32;1m[2020-01-19 18:07:32.640|INFO ] │NodeName│cities│content │tkc│ [0m
[32;1m[2020-01-19 18:07:32.640|INFO ] ├────────┼──────┼────────┼───┤ [0m
[32;1m[2020-01-19 18:07:32.640|INFO ] │server1 │cities│content3│60 │ [0m
[32;1m[2020-01-19 18:07:32.640|INFO ] ├────────┼──────┼────────┼───┤ [0m
[32;1m[2020-01-19 18:07:32.640|INFO ] └────────┴──────┴────────┴───┘ [0m
[32;1m[2020-01-19 18:08:50.622|INFO ] Log rotate cron:	0 0 0 * * * [0m
[32;1m[2020-01-19 18:08:50.623|INFO ] Nodes: [0m
